2020-01-11 10:08:30,864 INFO [root] [base.py (__init__:11] - 正在初始化driver:<appium.webdriver.webdriver.WebDriver (session="ddbc9fe3-b8f3-4d96-a4be-57e437916b6a")>
2020-01-11 10:08:30,875 INFO [root] [base.py (base_find:16] - 正在查找元素：('xpath', "//*[@index='1' and @class='android.widget.EditText']")
2020-01-11 10:08:35,167 INFO [root] [base.py (base_input:28] - 正在执行清空操作
2020-01-11 10:08:37,485 INFO [root] [base.py (base_input:31] - 正在给 ('xpath', "//*[@index='1' and @class='android.widget.EditText']") 元素 执行输入操作：13812345678
2020-01-11 10:08:42,860 INFO [root] [base.py (base_find:16] - 正在查找元素：('xpath', "//*[@index='2' and @class='android.widget.EditText']")
2020-01-11 10:08:42,911 INFO [root] [base.py (base_input:28] - 正在执行清空操作
2020-01-11 10:08:44,920 INFO [root] [base.py (base_input:31] - 正在给 ('xpath', "//*[@index='2' and @class='android.widget.EditText']") 元素 执行输入操作：246810
2020-01-11 10:08:50,225 INFO [root] [base.py (base_click:37] - 正在对 ('xpath', "//*[@index='4' and @class='android.widget.EditText']") 元素 执行点击操作
2020-01-11 10:08:50,225 INFO [root] [base.py (base_find:16] - 正在查找元素：('xpath', "//*[@index='4' and @class='android.widget.EditText']")
2020-01-11 10:11:11,101 INFO [root] [base.py (__init__:11] - 正在初始化driver:<appium.webdriver.webdriver.WebDriver (session="976a805e-f918-4632-8437-aaa0ee8297cb")>
2020-01-11 10:11:11,105 INFO [root] [base.py (base_find:16] - 正在查找元素：('xpath', "//*[@index='1' and @class='android.widget.EditText']")
2020-01-11 10:11:15,500 INFO [root] [base.py (base_input:28] - 正在执行清空操作
2020-01-11 10:11:18,086 INFO [root] [base.py (base_input:31] - 正在给 ('xpath', "//*[@index='1' and @class='android.widget.EditText']") 元素 执行输入操作：13812345678
2020-01-11 10:11:22,994 INFO [root] [base.py (base_find:16] - 正在查找元素：('xpath', "//*[@index='2' and @class='android.widget.EditText']")
2020-01-11 10:11:23,031 INFO [root] [base.py (base_input:28] - 正在执行清空操作
2020-01-11 10:11:25,010 INFO [root] [base.py (base_input:31] - 正在给 ('xpath', "//*[@index='2' and @class='android.widget.EditText']") 元素 执行输入操作：246810
2020-01-11 10:11:30,684 INFO [root] [base.py (base_click:37] - 正在对 ('xpath', "//*[@index='4' and @class='android.widget.Button']") 元素 执行点击操作
2020-01-11 10:11:30,685 INFO [root] [base.py (base_find:16] - 正在查找元素：('xpath', "//*[@index='4' and @class='android.widget.Button']")
2020-01-11 10:11:31,588 INFO [root] [base.py (base_find:16] - 正在查找元素：('xpath', "//*[@index='3' and contains(@text,'我的')]")
2020-01-11 10:13:44,466 INFO [root] [base.py (__init__:11] - 正在初始化driver:<appium.webdriver.webdriver.WebDriver (session="b7faa49b-b96b-44fb-a884-92dff3c58b78")>
2020-01-11 10:13:44,467 INFO [root] [base.py (base_find:16] - 正在查找元素：('xpath', "//*[@index='1' and @class='android.widget.EditText']")
2020-01-11 10:13:48,213 INFO [root] [base.py (base_input:28] - 正在执行清空操作
2020-01-11 10:13:51,070 INFO [root] [base.py (base_input:31] - 正在给 ('xpath', "//*[@index='1' and @class='android.widget.EditText']") 元素 执行输入操作：13812345678
2020-01-11 10:13:56,867 INFO [root] [base.py (base_find:16] - 正在查找元素：('xpath', "//*[@index='2' and @class='android.widget.EditText']")
2020-01-11 10:13:56,904 INFO [root] [base.py (base_input:28] - 正在执行清空操作
2020-01-11 10:13:58,911 INFO [root] [base.py (base_input:31] - 正在给 ('xpath', "//*[@index='2' and @class='android.widget.EditText']") 元素 执行输入操作：246810
2020-01-11 10:14:04,172 INFO [root] [base.py (base_click:37] - 正在对 ('xpath', "//*[@index='4' and @class='android.widget.Button']") 元素 执行点击操作
2020-01-11 10:14:04,172 INFO [root] [base.py (base_find:16] - 正在查找元素：('xpath', "//*[@index='4' and @class='android.widget.Button']")
2020-01-11 10:14:04,351 INFO [root] [base.py (base_find:16] - 正在查找元素：('xpath', "//*[@index='3' and @text='我的Tab 4 of 4']")
2020-01-11 10:54:36,324 INFO [root] [base.py (__init__:11] - 正在初始化driver:<appium.webdriver.webdriver.WebDriver (session="324404c0-870e-445e-a44f-5b0900682bad")>
2020-01-11 10:54:36,326 INFO [root] [base.py (base_find:16] - 正在查找元素：('xpath', "//*[@index='1' and @class='android.widget.EditText']")
2020-01-11 10:54:39,480 INFO [root] [base.py (base_input:28] - 正在执行清空操作
2020-01-11 10:54:41,419 INFO [root] [base.py (base_input:31] - 正在给 ('xpath', "//*[@index='1' and @class='android.widget.EditText']") 元素 执行输入操作：13812345678
2020-01-11 10:54:46,319 INFO [root] [base.py (base_find:16] - 正在查找元素：('xpath', "//*[@index='2' and @class='android.widget.EditText']")
2020-01-11 10:54:46,515 INFO [root] [base.py (base_input:28] - 正在执行清空操作
2020-01-11 10:54:48,426 INFO [root] [base.py (base_input:31] - 正在给 ('xpath', "//*[@index='2' and @class='android.widget.EditText']") 元素 执行输入操作：246810
2020-01-11 10:54:53,627 INFO [root] [base.py (base_click:37] - 正在对 ('xpath', "//*[@index='4' and @class='android.widget.Button']") 元素 执行点击操作
2020-01-11 10:54:53,628 INFO [root] [base.py (base_find:16] - 正在查找元素：('xpath', "//*[@index='4' and @class='android.widget.Button']")
2020-01-11 10:54:54,405 INFO [root] [base.py (base_find:16] - 正在查找元素：('xpath', "//*[@index='3' and contains(@text,'我的')]")
2020-01-11 15:41:39,293 INFO [root] [base.py (__init__:11] - 正在初始化driver:<appium.webdriver.webdriver.WebDriver (session="dce9e61b-8aa1-48d0-a2c0-2fc6503cccbc")>
2020-01-11 15:41:39,294 INFO [root] [base.py (base_find:16] - 正在查找元素：('xpath', "//*[@index='1' and @class='android.widget.EditText']")
2020-01-11 15:41:42,410 INFO [root] [base.py (base_input:28] - 正在执行清空操作
2020-01-11 15:41:44,537 INFO [root] [base.py (base_input:31] - 正在给 ('xpath', "//*[@index='1' and @class='android.widget.EditText']") 元素 执行输入操作：13812345678
2020-01-11 15:41:49,592 INFO [root] [base.py (base_find:16] - 正在查找元素：('xpath', "//*[@index='2' and @class='android.widget.EditText']")
2020-01-11 15:41:50,036 INFO [root] [base.py (base_input:28] - 正在执行清空操作
2020-01-11 15:41:51,591 INFO [root] [base.py (base_input:31] - 正在给 ('xpath', "//*[@index='2' and @class='android.widget.EditText']") 元素 执行输入操作：246810
2020-01-11 15:41:56,336 INFO [root] [base.py (base_click:37] - 正在对 ('xpath', "//*[@index='4' and @class='android.widget.Button']") 元素 执行点击操作
2020-01-11 15:41:56,336 INFO [root] [base.py (base_find:16] - 正在查找元素：('xpath', "//*[@index='4' and @class='android.widget.Button']")
2020-01-11 15:41:57,205 INFO [root] [base.py (__init__:11] - 正在初始化driver:<appium.webdriver.webdriver.WebDriver (session="dce9e61b-8aa1-48d0-a2c0-2fc6503cccbc")>
2020-01-11 15:41:57,206 INFO [root] [base.py (base_find:16] - 正在查找元素：('xpath', "//*[@class='android.widget.HorizontalScrollView']")
2020-01-11 15:42:00,315 INFO [root] [base.py (base_find:16] - 正在查找元素：('xpath', "//*[contains(@text,'python')]")
2020-01-11 15:42:03,524 INFO [root] [base.py (base_find:16] - 正在查找元素：('xpath', "//*[contains(@text,'python')]")
2020-01-11 15:42:06,555 INFO [root] [base.py (base_find:16] - 正在查找元素：('xpath', "//*[contains(@text,'python')]")
2020-01-11 17:12:18,861 INFO [root] [base.py (__init__:11] - 正在初始化driver:<appium.webdriver.webdriver.WebDriver (session="666dd455-ea3d-4457-b816-4aba52180c0a")>
2020-01-11 17:12:18,862 INFO [root] [base.py (base_find:16] - 正在查找元素：('xpath', "//*[@index='1' and @class='android.widget.EditText']")
2020-01-11 17:12:22,073 INFO [root] [base.py (base_input:28] - 正在执行清空操作
2020-01-11 17:12:24,086 INFO [root] [base.py (base_input:31] - 正在给 ('xpath', "//*[@index='1' and @class='android.widget.EditText']") 元素 执行输入操作：13812345678
2020-01-11 17:12:28,952 INFO [root] [base.py (base_find:16] - 正在查找元素：('xpath', "//*[@index='2' and @class='android.widget.EditText']")
2020-01-11 17:12:29,049 INFO [root] [base.py (base_input:28] - 正在执行清空操作
2020-01-11 17:12:31,111 INFO [root] [base.py (base_input:31] - 正在给 ('xpath', "//*[@index='2' and @class='android.widget.EditText']") 元素 执行输入操作：246810
2020-01-11 17:12:35,819 INFO [root] [base.py (base_click:37] - 正在对 ('xpath', "//*[@index='4' and @class='android.widget.Button']") 元素 执行点击操作
2020-01-11 17:12:35,819 INFO [root] [base.py (base_find:16] - 正在查找元素：('xpath', "//*[@index='4' and @class='android.widget.Button']")
2020-01-11 17:12:36,894 INFO [root] [base.py (__init__:11] - 正在初始化driver:<appium.webdriver.webdriver.WebDriver (session="666dd455-ea3d-4457-b816-4aba52180c0a")>
2020-01-11 17:12:36,895 INFO [root] [base.py (base_find:16] - 正在查找元素：('xpath', "//*[@class='android.widget.HorizontalScrollView']")
2020-01-11 17:12:38,449 INFO [root] [base.py (base_find:16] - 正在查找元素：('xpath', "//android.widget.HorizontalScrollView//*[contains(@text,'python')]")
2020-01-11 17:12:41,236 INFO [root] [base.py (base_find:16] - 正在查找元素：('xpath', "//android.widget.HorizontalScrollView//*[contains(@text,'python')]")
2020-01-11 17:12:44,309 INFO [root] [base.py (base_find:16] - 正在查找元素：('xpath', "//android.widget.HorizontalScrollView//*[contains(@text,'python')]")
2020-01-11 17:12:46,989 INFO [root] [base.py (base_find:16] - 正在查找元素：('xpath', "//android.widget.HorizontalScrollView//*[contains(@text,'python')]")
2020-01-11 17:12:47,853 INFO [root] [base.py (base_find:16] - 正在查找元素：('xpath', "//*[@bounds='[0,390][1080,1716]']")
2020-01-11 17:19:13,753 INFO [root] [base.py (__init__:11] - 正在初始化driver:<appium.webdriver.webdriver.WebDriver (session="87c85108-beaa-431a-ac27-1502ff0ff3c1")>
2020-01-11 17:19:13,753 INFO [root] [base.py (base_find:16] - 正在查找元素：('xpath', "//*[@index='1' and @class='android.widget.EditText']")
2020-01-11 17:19:16,807 INFO [root] [base.py (base_input:28] - 正在执行清空操作
2020-01-11 17:19:18,984 INFO [root] [base.py (base_input:31] - 正在给 ('xpath', "//*[@index='1' and @class='android.widget.EditText']") 元素 执行输入操作：13812345678
2020-01-11 17:19:23,894 INFO [root] [base.py (base_find:16] - 正在查找元素：('xpath', "//*[@index='2' and @class='android.widget.EditText']")
2020-01-11 17:19:24,339 INFO [root] [base.py (base_input:28] - 正在执行清空操作
2020-01-11 17:19:25,817 INFO [root] [base.py (base_input:31] - 正在给 ('xpath', "//*[@index='2' and @class='android.widget.EditText']") 元素 执行输入操作：246810
2020-01-11 17:19:30,559 INFO [root] [base.py (base_click:37] - 正在对 ('xpath', "//*[@index='4' and @class='android.widget.Button']") 元素 执行点击操作
2020-01-11 17:19:30,559 INFO [root] [base.py (base_find:16] - 正在查找元素：('xpath', "//*[@index='4' and @class='android.widget.Button']")
2020-01-11 17:19:31,776 INFO [root] [base.py (__init__:11] - 正在初始化driver:<appium.webdriver.webdriver.WebDriver (session="87c85108-beaa-431a-ac27-1502ff0ff3c1")>
2020-01-11 17:19:31,777 INFO [root] [base.py (base_find:16] - 正在查找元素：('xpath', "//*[@class='android.widget.HorizontalScrollView']")
2020-01-11 17:19:35,185 INFO [root] [base.py (base_find:16] - 正在查找元素：('xpath', "//android.widget.HorizontalScrollView//*[contains(@text,'python')]")
2020-01-11 17:19:38,662 INFO [root] [base.py (base_find:16] - 正在查找元素：('xpath', "//android.widget.HorizontalScrollView//*[contains(@text,'python')]")
2020-01-11 17:19:41,625 INFO [root] [base.py (base_find:16] - 正在查找元素：('xpath', "//android.widget.HorizontalScrollView//*[contains(@text,'python')]")
2020-01-11 17:19:42,981 INFO [root] [base.py (base_find:16] - 正在查找元素：('xpath', "//*[@bounds='[0,390][1080,1716]']")
2020-01-11 17:24:49,459 INFO [root] [base.py (__init__:11] - 正在初始化driver:<appium.webdriver.webdriver.WebDriver (session="48da8f6e-e0a9-403c-8eb9-f0010ee5ae5b")>
2020-01-11 17:24:49,459 INFO [root] [base.py (base_find:16] - 正在查找元素：('xpath', "//*[@index='1' and @class='android.widget.EditText']")
2020-01-11 17:24:52,536 INFO [root] [base.py (base_input:28] - 正在执行清空操作
2020-01-11 17:24:54,516 INFO [root] [base.py (base_input:31] - 正在给 ('xpath', "//*[@index='1' and @class='android.widget.EditText']") 元素 执行输入操作：13812345678
2020-01-11 17:24:59,433 INFO [root] [base.py (base_find:16] - 正在查找元素：('xpath', "//*[@index='2' and @class='android.widget.EditText']")
2020-01-11 17:25:00,012 INFO [root] [base.py (base_input:28] - 正在执行清空操作
2020-01-11 17:25:01,783 INFO [root] [base.py (base_input:31] - 正在给 ('xpath', "//*[@index='2' and @class='android.widget.EditText']") 元素 执行输入操作：246810
2020-01-11 17:25:06,548 INFO [root] [base.py (base_click:37] - 正在对 ('xpath', "//*[@index='4' and @class='android.widget.Button']") 元素 执行点击操作
2020-01-11 17:25:06,549 INFO [root] [base.py (base_find:16] - 正在查找元素：('xpath', "//*[@index='4' and @class='android.widget.Button']")
2020-01-11 17:25:07,595 INFO [root] [base.py (__init__:11] - 正在初始化driver:<appium.webdriver.webdriver.WebDriver (session="48da8f6e-e0a9-403c-8eb9-f0010ee5ae5b")>
2020-01-11 17:25:07,595 INFO [root] [base.py (base_find:16] - 正在查找元素：('xpath', "//*[@class='android.widget.HorizontalScrollView']")
2020-01-11 17:25:10,634 INFO [root] [base.py (base_find:16] - 正在查找元素：('xpath', "//android.widget.HorizontalScrollView//*[contains(@text,'python')]")
2020-01-11 17:25:14,381 INFO [root] [base.py (base_find:16] - 正在查找元素：('xpath', "//android.widget.HorizontalScrollView//*[contains(@text,'python')]")
2020-01-11 17:25:17,447 INFO [root] [base.py (base_find:16] - 正在查找元素：('xpath', "//android.widget.HorizontalScrollView//*[contains(@text,'python')]")
2020-01-11 17:25:19,008 INFO [root] [base.py (base_find:16] - 正在查找元素：('xpath', "//*[@bounds='[0,390][1080,1716]']")
2020-01-11 17:54:04,684 INFO [root] [base.py (__init__:11] - 正在初始化driver:<appium.webdriver.webdriver.WebDriver (session="8f5c801d-b46c-4fe6-9057-9f4ce644a6be")>
2020-01-11 17:54:04,685 INFO [root] [base.py (base_find:16] - 正在查找元素：('xpath', "//*[@index='1' and @class='android.widget.EditText']")
2020-01-11 17:54:07,771 INFO [root] [base.py (base_input:28] - 正在执行清空操作
2020-01-11 17:54:09,683 INFO [root] [base.py (base_input:31] - 正在给 ('xpath', "//*[@index='1' and @class='android.widget.EditText']") 元素 执行输入操作：13812345678
2020-01-11 17:54:14,832 INFO [root] [base.py (base_find:16] - 正在查找元素：('xpath', "//*[@index='2' and @class='android.widget.EditText']")
2020-01-11 17:54:14,865 INFO [root] [base.py (base_input:28] - 正在执行清空操作
2020-01-11 17:54:16,333 INFO [root] [base.py (base_input:31] - 正在给 ('xpath', "//*[@index='2' and @class='android.widget.EditText']") 元素 执行输入操作：246810
2020-01-11 17:54:21,085 INFO [root] [base.py (base_click:37] - 正在对 ('xpath', "//*[@index='4' and @class='android.widget.Button']") 元素 执行点击操作
2020-01-11 17:54:21,085 INFO [root] [base.py (base_find:16] - 正在查找元素：('xpath', "//*[@index='4' and @class='android.widget.Button']")
2020-01-11 17:54:22,409 INFO [root] [base.py (__init__:11] - 正在初始化driver:<appium.webdriver.webdriver.WebDriver (session="8f5c801d-b46c-4fe6-9057-9f4ce644a6be")>
2020-01-11 17:54:22,409 INFO [root] [base.py (base_find:16] - 正在查找元素：('xpath', "//*[@class='android.widget.HorizontalScrollView']")
2020-01-11 17:54:25,183 INFO [root] [base.py (base_find:16] - 正在查找元素：('xpath', "//android.widget.HorizontalScrollView//*[contains(@text,'python')]")
2020-01-11 17:54:28,066 INFO [root] [base.py (base_find:16] - 正在查找元素：('xpath', "//android.widget.HorizontalScrollView//*[contains(@text,'python')]")
2020-01-11 17:54:31,102 INFO [root] [base.py (base_find:16] - 正在查找元素：('xpath', "//android.widget.HorizontalScrollView//*[contains(@text,'python')]")
2020-01-11 17:54:34,098 INFO [root] [base.py (base_find:16] - 正在查找元素：('xpath', "//android.widget.HorizontalScrollView//*[contains(@text,'python')]")
2020-01-11 17:54:34,736 INFO [root] [base.py (base_find:16] - 正在查找元素：('xpath', "//*[@bounds='[0,390][1080,1716]']")
2020-01-11 17:57:14,689 INFO [root] [base.py (__init__:11] - 正在初始化driver:<selenium.webdriver.chrome.webdriver.WebDriver (session="0253828c0a7fe8126c258608a5f39c93")>
2020-01-11 17:57:14,701 INFO [root] [page_mp_login.py (page_mp_login:34] - 正在调用自媒体登录业务方法，用户名：13812345678 密码：246810
2020-01-11 17:57:14,702 INFO [root] [base.py (base_find:16] - 正在查找元素：('css selector', "[placeholder='请输入手机号']")
2020-01-11 17:57:14,789 INFO [root] [base.py (base_input:28] - 正在执行清空操作
2020-01-11 17:57:14,904 INFO [root] [base.py (base_input:31] - 正在给 ('css selector', "[placeholder='请输入手机号']") 元素 执行输入操作：13812345678
2020-01-11 17:57:15,052 INFO [root] [base.py (base_find:16] - 正在查找元素：('css selector', "[placeholder='验证码']")
2020-01-11 17:57:15,072 INFO [root] [base.py (base_input:28] - 正在执行清空操作
2020-01-11 17:57:15,103 INFO [root] [base.py (base_input:31] - 正在给 ('css selector', "[placeholder='验证码']") 元素 执行输入操作：246810
2020-01-11 17:57:16,223 INFO [root] [base.py (base_click:37] - 正在对 ('xpath', "//*[text()='登录']/..") 元素 执行点击操作
2020-01-11 17:57:16,223 INFO [root] [base.py (base_find:16] - 正在查找元素：('xpath', "//*[text()='登录']/..")
2020-01-11 17:57:16,305 INFO [root] [base.py (base_find:16] - 正在查找元素：('css selector', '.user-name')
2020-01-11 17:57:17,630 INFO [root] [base.py (base_get_text:42] - 正在获取('css selector', '.user-name')元素文本值：13812345678
2020-01-11 17:57:17,630 INFO [root] [base.py (base_find:16] - 正在查找元素：('css selector', '.user-name')
2020-01-11 17:57:33,795 INFO [root] [base.py (__init__:11] - 正在初始化driver:<selenium.webdriver.chrome.webdriver.WebDriver (session="9bf82c09cbe28de29a03d1180f492add")>
2020-01-11 17:57:33,795 INFO [root] [page_mp_login.py (page_mp_login_success:41] - 正在调用自媒体登录成功业务方法，用户名：13812345678 密码：246810
2020-01-11 17:57:33,796 INFO [root] [base.py (base_find:16] - 正在查找元素：('css selector', "[placeholder='请输入手机号']")
2020-01-11 17:57:33,842 INFO [root] [base.py (base_input:28] - 正在执行清空操作
2020-01-11 17:57:33,904 INFO [root] [base.py (base_input:31] - 正在给 ('css selector', "[placeholder='请输入手机号']") 元素 执行输入操作：13812345678
2020-01-11 17:57:34,167 INFO [root] [base.py (base_find:16] - 正在查找元素：('css selector', "[placeholder='验证码']")
2020-01-11 17:57:34,183 INFO [root] [base.py (base_input:28] - 正在执行清空操作
2020-01-11 17:57:34,214 INFO [root] [base.py (base_input:31] - 正在给 ('css selector', "[placeholder='验证码']") 元素 执行输入操作：246810
2020-01-11 17:57:35,327 INFO [root] [base.py (base_click:37] - 正在对 ('xpath', "//*[text()='登录']/..") 元素 执行点击操作
2020-01-11 17:57:35,327 INFO [root] [base.py (base_find:16] - 正在查找元素：('xpath', "//*[text()='登录']/..")
2020-01-11 17:57:35,415 INFO [root] [base.py (__init__:11] - 正在初始化driver:<selenium.webdriver.chrome.webdriver.WebDriver (session="9bf82c09cbe28de29a03d1180f492add")>
2020-01-11 17:57:37,416 INFO [root] [base.py (base_click:37] - 正在对 ('xpath', "//div[@class='menu-wrapper']//*[text()='内容管理']") 元素 执行点击操作
2020-01-11 17:57:37,416 INFO [root] [base.py (base_find:16] - 正在查找元素：('xpath', "//div[@class='menu-wrapper']//*[text()='内容管理']")
2020-01-11 17:57:40,967 INFO [root] [base.py (base_click:37] - 正在对 ('xpath', "//*[contains(text(),'发布文章')]") 元素 执行点击操作
2020-01-11 17:57:40,968 INFO [root] [base.py (base_find:16] - 正在查找元素：('xpath', "//*[contains(text(),'发布文章')]")
2020-01-11 17:57:41,073 INFO [root] [base.py (base_find:16] - 正在查找元素：('css selector', "[placeholder='文章名称']")
2020-01-11 17:57:41,723 INFO [root] [base.py (base_input:28] - 正在执行清空操作
2020-01-11 17:57:41,811 INFO [root] [base.py (base_input:31] - 正在给 ('css selector', "[placeholder='文章名称']") 元素 执行输入操作：佩奇日记04
2020-01-11 17:57:42,085 INFO [root] [base.py (base_find:16] - 正在查找元素：('css selector', '#publishTinymce_ifr')
2020-01-11 17:57:42,124 INFO [root] [base.py (base_find:16] - 正在查找元素：('css selector', '#tinymce')
2020-01-11 17:57:42,137 INFO [root] [base.py (base_input:28] - 正在执行清空操作
2020-01-11 17:57:42,159 INFO [root] [base.py (base_input:31] - 正在给 ('css selector', '#tinymce') 元素 执行输入操作：我弟弟乔治今天又和我抢泥坑跳了，我不给他他就搁地上打滚！
2020-01-11 17:57:42,786 INFO [root] [base.py (base_click:37] - 正在对 ('xpath', "//*[text()='自动']") 元素 执行点击操作
2020-01-11 17:57:42,787 INFO [root] [base.py (base_find:16] - 正在查找元素：('xpath', "//*[text()='自动']")
2020-01-11 17:57:42,873 INFO [root] [base.py (base_click:37] - 正在对 ('css selector', "[placeholder='请选择']") 元素 执行点击操作
2020-01-11 17:57:42,873 INFO [root] [base.py (base_find:16] - 正在查找元素：('css selector', "[placeholder='请选择']")
2020-01-11 17:57:44,010 INFO [root] [base.py (base_click:37] - 正在对 ('xpath', "//*[text()='数据库']") 元素 执行点击操作
2020-01-11 17:57:44,010 INFO [root] [base.py (base_find:16] - 正在查找元素：('xpath', "//*[text()='数据库']")
2020-01-11 17:57:44,112 INFO [root] [base.py (base_click:37] - 正在对 ('css selector', '.el-button.filter-item.el-button--primary') 元素 执行点击操作
2020-01-11 17:57:44,112 INFO [root] [base.py (base_find:16] - 正在查找元素：('css selector', '.el-button.filter-item.el-button--primary')
2020-01-11 17:57:44,209 INFO [root] [base.py (base_find:16] - 正在查找元素：('xpath', "//*[contains(text(),'成功')]")
2020-01-11 17:57:44,757 INFO [root] [base.py (base_get_text:42] - 正在获取('xpath', "//*[contains(text(),'成功')]")元素文本值：新增文章成功
2020-01-11 17:57:44,757 INFO [root] [base.py (base_find:16] - 正在查找元素：('xpath', "//*[contains(text(),'成功')]")
2020-01-11 17:58:06,059 INFO [root] [base.py (__init__:11] - 正在初始化driver:<selenium.webdriver.chrome.webdriver.WebDriver (session="b576f5915e3802b5e3f692453e9061ab")>
2020-01-11 17:58:06,062 INFO [root] [base.py (base_find:16] - 正在查找元素：('css selector', "[placeholder='用户名']")
2020-01-11 17:58:06,121 INFO [root] [base.py (base_input:28] - 正在执行清空操作
2020-01-11 17:58:06,148 INFO [root] [base.py (base_input:31] - 正在给 ('css selector', "[placeholder='用户名']") 元素 执行输入操作：testid
2020-01-11 17:58:06,260 INFO [root] [base.py (base_find:16] - 正在查找元素：('css selector', "[placeholder='密码']")
2020-01-11 17:58:06,279 INFO [root] [base.py (base_input:28] - 正在执行清空操作
2020-01-11 17:58:06,313 INFO [root] [base.py (base_input:31] - 正在给 ('css selector', "[placeholder='密码']") 元素 执行输入操作：testpwd123
2020-01-11 17:58:06,425 INFO [root] [base.py (base_click:37] - 正在对 ('css selector', '#inp1') 元素 执行点击操作
2020-01-11 17:58:06,426 INFO [root] [base.py (base_find:16] - 正在查找元素：('css selector', '#inp1')
2020-01-11 17:58:06,493 INFO [root] [base.py (base_find:16] - 正在查找元素：('css selector', '.user_info>span')
2020-01-11 17:58:07,328 INFO [root] [base.py (base_get_text:42] - 正在获取('css selector', '.user_info>span')元素文本值：欢迎 管理员
2020-01-11 17:58:07,329 INFO [root] [base.py (base_find:16] - 正在查找元素：('css selector', '.user_info>span')
2020-01-11 17:58:29,260 INFO [root] [base.py (__init__:11] - 正在初始化driver:<selenium.webdriver.chrome.webdriver.WebDriver (session="9d54d8d341372bd07657fa701ace5654")>
2020-01-11 17:58:29,261 INFO [root] [base.py (base_find:16] - 正在查找元素：('css selector', "[placeholder='用户名']")
2020-01-11 17:58:29,303 INFO [root] [base.py (base_input:28] - 正在执行清空操作
2020-01-11 17:58:29,330 INFO [root] [base.py (base_input:31] - 正在给 ('css selector', "[placeholder='用户名']") 元素 执行输入操作：testid
2020-01-11 17:58:29,419 INFO [root] [base.py (base_find:16] - 正在查找元素：('css selector', "[placeholder='密码']")
2020-01-11 17:58:29,438 INFO [root] [base.py (base_input:28] - 正在执行清空操作
2020-01-11 17:58:29,470 INFO [root] [base.py (base_input:31] - 正在给 ('css selector', "[placeholder='密码']") 元素 执行输入操作：testpwd123
2020-01-11 17:58:29,573 INFO [root] [base.py (base_click:37] - 正在对 ('css selector', '#inp1') 元素 执行点击操作
2020-01-11 17:58:29,574 INFO [root] [base.py (base_find:16] - 正在查找元素：('css selector', '#inp1')
2020-01-11 17:58:29,639 INFO [root] [base.py (__init__:11] - 正在初始化driver:<selenium.webdriver.chrome.webdriver.WebDriver (session="9d54d8d341372bd07657fa701ace5654")>
2020-01-11 17:58:31,639 INFO [root] [base.py (base_click:37] - 正在对 ('xpath', "//*[@class='menu']//*[text()='信息管理']") 元素 执行点击操作
2020-01-11 17:58:31,639 INFO [root] [base.py (base_find:16] - 正在查找元素：('xpath', "//*[@class='menu']//*[text()='信息管理']")
2020-01-11 17:58:33,779 INFO [root] [base.py (base_click:37] - 正在对 ('xpath', "//*[@class='menu']//*[text()= '内容审核']") 元素 执行点击操作
2020-01-11 17:58:33,779 INFO [root] [base.py (base_find:16] - 正在查找元素：('xpath', "//*[@class='menu']//*[text()= '内容审核']")
2020-01-11 17:58:33,940 INFO [root] [base.py (base_find:16] - 正在查找元素：('css selector', "[placeholder='请输入: 文章名称']")
2020-01-11 17:58:33,978 INFO [root] [base.py (base_input:28] - 正在执行清空操作
2020-01-11 17:58:34,004 INFO [root] [base.py (base_input:31] - 正在给 ('css selector', "[placeholder='请输入: 文章名称']") 元素 执行输入操作：佩奇日记04
2020-01-11 17:58:34,128 INFO [root] [base.py (base_find:16] - 正在查找元素：('css selector', "[placeholder='请输入: 频道']")
2020-01-11 17:58:34,148 INFO [root] [base.py (base_input:28] - 正在执行清空操作
2020-01-11 17:58:34,181 INFO [root] [base.py (base_input:31] - 正在给 ('css selector', "[placeholder='请输入: 频道']") 元素 执行输入操作：数据库
2020-01-11 17:58:34,260 INFO [root] [base.py (base_click:37] - 正在对 ('xpath', "//*[@placeholder='请选择状态']") 元素 执行点击操作
2020-01-11 17:58:34,261 INFO [root] [base.py (base_find:16] - 正在查找元素：('xpath', "//*[@placeholder='请选择状态']")
2020-01-11 17:58:36,347 INFO [root] [base.py (base_finds:21] - 正在查找元素：('css selector', 'ul>li')
2020-01-11 17:58:36,991 INFO [root] [base.py (base_click:37] - 正在对 ('css selector', '.find') 元素 执行点击操作
2020-01-11 17:58:36,991 INFO [root] [base.py (base_find:16] - 正在查找元素：('css selector', '.find')
2020-01-11 17:58:40,128 INFO [root] [base.py (base_find:16] - 正在查找元素：('css selector', '.cell>span')
2020-01-11 17:59:26,868 INFO [root] [base.py (__init__:11] - 正在初始化driver:<appium.webdriver.webdriver.WebDriver (session="0c1477f1-46f1-42b6-bf43-864aeb30ee4b")>
2020-01-11 17:59:26,868 INFO [root] [base.py (base_find:16] - 正在查找元素：('xpath', "//*[@index='1' and @class='android.widget.EditText']")
2020-01-11 17:59:29,982 INFO [root] [base.py (base_input:28] - 正在执行清空操作
2020-01-11 17:59:31,878 INFO [root] [base.py (base_input:31] - 正在给 ('xpath', "//*[@index='1' and @class='android.widget.EditText']") 元素 执行输入操作：13812345678
2020-01-11 17:59:36,689 INFO [root] [base.py (base_find:16] - 正在查找元素：('xpath', "//*[@index='2' and @class='android.widget.EditText']")
2020-01-11 17:59:36,779 INFO [root] [base.py (base_input:28] - 正在执行清空操作
2020-01-11 17:59:38,813 INFO [root] [base.py (base_input:31] - 正在给 ('xpath', "//*[@index='2' and @class='android.widget.EditText']") 元素 执行输入操作：246810
2020-01-11 17:59:43,603 INFO [root] [base.py (base_click:37] - 正在对 ('xpath', "//*[@index='4' and @class='android.widget.Button']") 元素 执行点击操作
2020-01-11 17:59:43,603 INFO [root] [base.py (base_find:16] - 正在查找元素：('xpath', "//*[@index='4' and @class='android.widget.Button']")
2020-01-11 17:59:45,842 INFO [root] [base.py (base_find:16] - 正在查找元素：('xpath', "//*[@index='3' and contains(@text,'我的')]")
2020-01-11 17:59:59,021 INFO [root] [base.py (__init__:11] - 正在初始化driver:<appium.webdriver.webdriver.WebDriver (session="af85ac6b-1a62-428f-b609-3ef3afb99f46")>
2020-01-11 17:59:59,021 INFO [root] [base.py (base_find:16] - 正在查找元素：('xpath', "//*[@index='1' and @class='android.widget.EditText']")
2020-01-11 18:00:02,257 INFO [root] [base.py (base_input:28] - 正在执行清空操作
2020-01-11 18:00:04,243 INFO [root] [base.py (base_input:31] - 正在给 ('xpath', "//*[@index='1' and @class='android.widget.EditText']") 元素 执行输入操作：13812345678
2020-01-11 18:00:09,160 INFO [root] [base.py (base_find:16] - 正在查找元素：('xpath', "//*[@index='2' and @class='android.widget.EditText']")
2020-01-11 18:00:09,190 INFO [root] [base.py (base_input:28] - 正在执行清空操作
2020-01-11 18:00:11,404 INFO [root] [base.py (base_input:31] - 正在给 ('xpath', "//*[@index='2' and @class='android.widget.EditText']") 元素 执行输入操作：246810
2020-01-11 18:00:16,127 INFO [root] [base.py (base_click:37] - 正在对 ('xpath', "//*[@index='4' and @class='android.widget.Button']") 元素 执行点击操作
2020-01-11 18:00:16,128 INFO [root] [base.py (base_find:16] - 正在查找元素：('xpath', "//*[@index='4' and @class='android.widget.Button']")
2020-01-11 18:00:16,988 INFO [root] [base.py (__init__:11] - 正在初始化driver:<appium.webdriver.webdriver.WebDriver (session="af85ac6b-1a62-428f-b609-3ef3afb99f46")>
2020-01-11 18:00:16,989 INFO [root] [base.py (base_find:16] - 正在查找元素：('xpath', "//*[@class='android.widget.HorizontalScrollView']")
2020-01-11 18:00:19,929 INFO [root] [base.py (base_find:16] - 正在查找元素：('xpath', "//android.widget.HorizontalScrollView//*[contains(@text,'python')]")
2020-01-11 18:00:22,770 INFO [root] [base.py (base_find:16] - 正在查找元素：('xpath', "//android.widget.HorizontalScrollView//*[contains(@text,'python')]")
2020-01-11 18:00:25,647 INFO [root] [base.py (base_find:16] - 正在查找元素：('xpath', "//android.widget.HorizontalScrollView//*[contains(@text,'python')]")
2020-01-11 18:00:26,595 INFO [root] [base.py (base_find:16] - 正在查找元素：('xpath', "//*[@bounds='[0,390][1080,1716]']")
2020-01-11 18:03:00,939 INFO [root] [base.py (__init__:11] - 正在初始化driver:<appium.webdriver.webdriver.WebDriver (session="69d18d49-1e56-441c-83ec-9df5e3e4ea99")>
2020-01-11 18:03:00,940 INFO [root] [base.py (base_find:16] - 正在查找元素：('xpath', "//*[@index='1' and @class='android.widget.EditText']")
2020-01-11 18:03:04,109 INFO [root] [base.py (base_input:28] - 正在执行清空操作
2020-01-11 18:03:06,128 INFO [root] [base.py (base_input:31] - 正在给 ('xpath', "//*[@index='1' and @class='android.widget.EditText']") 元素 执行输入操作：13812345678
2020-01-11 18:03:11,547 INFO [root] [base.py (base_find:16] - 正在查找元素：('xpath', "//*[@index='2' and @class='android.widget.EditText']")
2020-01-11 18:03:11,993 INFO [root] [base.py (base_input:28] - 正在执行清空操作
2020-01-11 18:03:13,726 INFO [root] [base.py (base_input:31] - 正在给 ('xpath', "//*[@index='2' and @class='android.widget.EditText']") 元素 执行输入操作：246810
2020-01-11 18:03:18,936 INFO [root] [base.py (base_click:37] - 正在对 ('xpath', "//*[@index='4' and @class='android.widget.Button']") 元素 执行点击操作
2020-01-11 18:03:18,936 INFO [root] [base.py (base_find:16] - 正在查找元素：('xpath', "//*[@index='4' and @class='android.widget.Button']")
2020-01-11 18:03:20,001 INFO [root] [base.py (__init__:11] - 正在初始化driver:<appium.webdriver.webdriver.WebDriver (session="69d18d49-1e56-441c-83ec-9df5e3e4ea99")>
2020-01-11 18:03:20,002 INFO [root] [base.py (base_find:16] - 正在查找元素：('xpath', "//*[@class='android.widget.HorizontalScrollView']")
2020-01-11 18:03:22,503 INFO [root] [base.py (base_find:16] - 正在查找元素：('xpath', "//android.widget.HorizontalScrollView//*[contains(@text,'前端')]")
2020-01-11 18:03:25,303 INFO [root] [base.py (base_find:16] - 正在查找元素：('xpath', "//android.widget.HorizontalScrollView//*[contains(@text,'前端')]")
2020-01-11 18:03:26,411 INFO [root] [base.py (base_find:16] - 正在查找元素：('xpath', "//*[@bounds='[0,390][1080,1716]']")
2020-01-11 18:06:57,139 INFO [root] [base.py (__init__:11] - 正在初始化driver:<appium.webdriver.webdriver.WebDriver (session="a924094a-a10b-4919-aa92-159bf263efef")>
2020-01-11 18:06:57,139 INFO [root] [base.py (base_find:16] - 正在查找元素：('xpath', "//*[@index='1' and @class='android.widget.EditText']")
2020-01-11 18:07:00,388 INFO [root] [base.py (base_input:28] - 正在执行清空操作
2020-01-11 18:07:02,229 INFO [root] [base.py (base_input:31] - 正在给 ('xpath', "//*[@index='1' and @class='android.widget.EditText']") 元素 执行输入操作：13812345678
2020-01-11 18:07:07,701 INFO [root] [base.py (base_find:16] - 正在查找元素：('xpath', "//*[@index='2' and @class='android.widget.EditText']")
2020-01-11 18:07:08,083 INFO [root] [base.py (base_input:28] - 正在执行清空操作
2020-01-11 18:07:09,590 INFO [root] [base.py (base_input:31] - 正在给 ('xpath', "//*[@index='2' and @class='android.widget.EditText']") 元素 执行输入操作：246810
2020-01-11 18:07:14,412 INFO [root] [base.py (base_click:37] - 正在对 ('xpath', "//*[@index='4' and @class='android.widget.Button']") 元素 执行点击操作
2020-01-11 18:07:14,412 INFO [root] [base.py (base_find:16] - 正在查找元素：('xpath', "//*[@index='4' and @class='android.widget.Button']")
2020-01-11 18:07:15,146 INFO [root] [base.py (__init__:11] - 正在初始化driver:<appium.webdriver.webdriver.WebDriver (session="a924094a-a10b-4919-aa92-159bf263efef")>
2020-01-11 18:07:15,147 INFO [root] [base.py (base_find:16] - 正在查找元素：('xpath', "//*[@class='android.widget.HorizontalScrollView']")
2020-01-11 18:07:17,222 INFO [root] [base.py (base_find:16] - 正在查找元素：('xpath', "//android.widget.HorizontalScrollView//*[contains(@text,'前端')]")
2020-01-11 18:07:19,847 INFO [root] [base.py (base_find:16] - 正在查找元素：('xpath', "//android.widget.HorizontalScrollView//*[contains(@text,'前端')]")
2020-01-11 18:07:20,757 INFO [root] [base.py (base_find:16] - 正在查找元素：('xpath', "//*[@bounds='[0,390][1080,1716]']")
2020-01-11 18:08:09,249 INFO [root] [base.py (__init__:11] - 正在初始化driver:<appium.webdriver.webdriver.WebDriver (session="f34b9ad7-482c-496f-8481-36252d1096da")>
2020-01-11 18:08:09,250 INFO [root] [base.py (base_find:16] - 正在查找元素：('xpath', "//*[@index='1' and @class='android.widget.EditText']")
2020-01-11 18:08:12,473 INFO [root] [base.py (base_input:28] - 正在执行清空操作
2020-01-11 18:08:14,408 INFO [root] [base.py (base_input:31] - 正在给 ('xpath', "//*[@index='1' and @class='android.widget.EditText']") 元素 执行输入操作：13812345678
2020-01-11 18:08:19,203 INFO [root] [base.py (base_find:16] - 正在查找元素：('xpath', "//*[@index='2' and @class='android.widget.EditText']")
2020-01-11 18:08:19,352 INFO [root] [base.py (base_input:28] - 正在执行清空操作
2020-01-11 18:08:21,380 INFO [root] [base.py (base_input:31] - 正在给 ('xpath', "//*[@index='2' and @class='android.widget.EditText']") 元素 执行输入操作：246810
2020-01-11 18:08:26,569 INFO [root] [base.py (base_click:37] - 正在对 ('xpath', "//*[@index='4' and @class='android.widget.Button']") 元素 执行点击操作
2020-01-11 18:08:26,569 INFO [root] [base.py (base_find:16] - 正在查找元素：('xpath', "//*[@index='4' and @class='android.widget.Button']")
2020-01-11 18:08:27,756 INFO [root] [base.py (__init__:11] - 正在初始化driver:<appium.webdriver.webdriver.WebDriver (session="f34b9ad7-482c-496f-8481-36252d1096da")>
2020-01-11 18:08:27,756 INFO [root] [base.py (base_find:16] - 正在查找元素：('xpath', "//*[@class='android.widget.HorizontalScrollView']")
2020-01-11 18:08:30,350 INFO [root] [base.py (base_find:16] - 正在查找元素：('xpath', "//android.widget.HorizontalScrollView//*[contains(@text,'python')]")
2020-01-11 18:08:33,336 INFO [root] [base.py (base_find:16] - 正在查找元素：('xpath', "//android.widget.HorizontalScrollView//*[contains(@text,'python')]")
2020-01-11 18:08:35,944 INFO [root] [base.py (base_find:16] - 正在查找元素：('xpath', "//android.widget.HorizontalScrollView//*[contains(@text,'python')]")
2020-01-11 18:08:38,747 INFO [root] [base.py (base_find:16] - 正在查找元素：('xpath', "//android.widget.HorizontalScrollView//*[contains(@text,'python')]")
2020-01-11 18:08:39,260 INFO [root] [base.py (base_find:16] - 正在查找元素：('xpath', "//*[@bounds='[0,390][1080,1716]']")
